<?xml version="1.0" encoding="UTF-8" ?>
<testsuite errors="0" failures="1" hostname="haidong-ryzen" name="expressivo.grader.ExpressionTest" skipped="0" tests="27" time="0.42" timestamp="2017-04-07T02:32:26">
  <properties>
    <property name="java.vendor" value="Oracle Corporation" />
    <property name="sun.java.launcher" value="SUN_STANDARD" />
    <property name="sun.management.compiler" value="HotSpot 64-Bit Tiered Compilers" />
    <property name="build.sysclasspath" value="ignore" />
    <property name="os.name" value="Linux" />
    <property name="sun.boot.class.path" value="/usr/lib/jvm/java-8-openjdk-amd64/jre/lib/resources.jar:/usr/lib/jvm/java-8-openjdk-amd64/jre/lib/rt.jar:/usr/lib/jvm/java-8-openjdk-amd64/jre/lib/sunrsasign.jar:/usr/lib/jvm/java-8-openjdk-amd64/jre/lib/jsse.jar:/usr/lib/jvm/java-8-openjdk-amd64/jre/lib/jce.jar:/usr/lib/jvm/java-8-openjdk-amd64/jre/lib/charsets.jar:/usr/lib/jvm/java-8-openjdk-amd64/jre/lib/jfr.jar:/usr/lib/jvm/java-8-openjdk-amd64/jre/classes" />
    <property name="sun.desktop" value="gnome" />
    <property name="final.grading" value="true" />
    <property name="java.vm.specification.vendor" value="Oracle Corporation" />
    <property name="ant.home" value="/home/haidong/.p2/pool/plugins/org.apache.ant_1.9.6.v201510161327" />
    <property name="java.runtime.version" value="1.8.0_121-8u121-b13-0ubuntu1.16.04.2-b13" />
    <property name="user.name" value="haidong" />
    <property name="ant.build.javac.target" value="1.8" />
    <property name="user.language" value="en" />
    <property name="sun.boot.library.path" value="/usr/lib/jvm/java-8-openjdk-amd64/jre/lib/amd64" />
    <property name="grader.report.file" value="my-grader-report.xml" />
    <property name="ant.project.default-target" value="all" />
    <property name="java.version" value="1.8.0_121" />
    <property name="user.timezone" value="" />
    <property name="sun.arch.data.model" value="64" />
    <property name="java.endorsed.dirs" value="/usr/lib/jvm/java-8-openjdk-amd64/jre/lib/endorsed" />
    <property name="sun.cpu.isalist" value="" />
    <property name="sun.jnu.encoding" value="UTF-8" />
    <property name="file.encoding.pkg" value="sun.io" />
    <property name="file.separator" value="/" />
    <property name="java.specification.name" value="Java Platform API Specification" />
    <property name="java.class.version" value="52.0" />
    <property name="user.country" value="US" />
    <property name="java.home" value="/usr/lib/jvm/java-8-openjdk-amd64/jre" />
    <property name="java.vm.info" value="mixed mode" />
    <property name="ant.file" value="/home/haidong/workspace/ps1-expressivo/grader.xml" />
    <property name="os.version" value="4.10.1-041001-generic" />
    <property name="final.grader.jar" value="ps1-final-grader.jar" />
    <property name="path.separator" value=":" />
    <property name="java.vm.version" value="25.121-b13" />
    <property name="ant.library.dir" value="/home/haidong/.p2/pool/plugins/org.apache.ant_1.9.6.v201510161327/lib" />
    <property name="java.awt.printerjob" value="sun.print.PSPrinterJob" />
    <property name="sun.io.unicode.encoding" value="UnicodeLittle" />
    <property name="awt.toolkit" value="sun.awt.X11.XToolkit" />
    <property name="user.home" value="/home/haidong" />
    <property name="java.specification.vendor" value="Oracle Corporation" />
    <property name="which.tests.ran" value="BETA + FINAL" />
    <property name="java.library.path" value="/usr/java/packages/lib/amd64:/usr/lib/x86_64-linux-gnu/jni:/lib/x86_64-linux-gnu:/usr/lib/x86_64-linux-gnu:/usr/lib/jni:/lib:/usr/lib" />
    <property name="java.vendor.url" value="http://java.oracle.com/" />
    <property name="java.vm.vendor" value="Oracle Corporation" />
    <property name="java.runtime.name" value="OpenJDK Runtime Environment" />
    <property name="beta.grader.jar" value="ps1-beta-grader.jar" />
    <property name="sun.java.command" value="org.apache.tools.ant.taskdefs.optional.junit.JUnitTestRunner expressivo.grader.ExpressionTest skipNonTests=false filtertrace=true haltOnError=false haltOnFailure=false showoutput=false outputtoformatters=true logfailedtests=true threadid=0 logtestlistenerevents=false formatter=org.apache.tools.ant.taskdefs.optional.junit.XMLJUnitResultFormatter,/home/haidong/workspace/ps1-expressivo/.grader/TEST-expressivo.grader.ExpressionTest.xml crashfile=/home/haidong/workspace/ps1-expressivo/.grader/junitvmwatcher7448679056542966599.properties propsfile=/home/haidong/workspace/ps1-expressivo/.grader/junit54204604616766454.properties" />
    <property name="java.class.path" value="/home/haidong/workspace/ps1-expressivo/lib/junit-4.12.jar:/home/haidong/workspace/ps1-expressivo/lib/hamcrest-core-1.3.jar:/home/haidong/workspace/ps1-expressivo/lib/parserlib.jar:/home/haidong/workspace/ps1-expressivo/.grader/bin-tests-final:/home/haidong/workspace/ps1-expressivo/.grader/bin-student:/home/haidong/.p2/pool/plugins/org.apache.ant_1.9.6.v201510161327/lib/ant-launcher.jar:/home/haidong/.p2/pool/plugins/org.apache.ant_1.9.6.v201510161327/lib/ant.jar:/home/haidong/.p2/pool/plugins/org.apache.ant_1.9.6.v201510161327/lib/ant-junit.jar:/home/haidong/.p2/pool/plugins/org.apache.ant_1.9.6.v201510161327/lib/ant-junit4.jar" />
    <property name="ant.version" value="Apache Ant(TM) version 1.9.6 compiled on June 29 2015" />
    <property name="project.name" value="ps1-expressivo" />
    <property name="java.vm.specification.name" value="Java Virtual Machine Specification" />
    <property name="java.vm.specification.version" value="1.8" />
    <property name="sun.cpu.endian" value="little" />
    <property name="didit.desc" value="Running our tests against your implementation" />
    <property name="sun.os.patch.level" value="unknown" />
    <property name="java.io.tmpdir" value="/tmp" />
    <property name="java.vendor.url.bug" value="http://bugreport.sun.com/bugreport/" />
    <property name="os.arch" value="amd64" />
    <property name="java.awt.graphicsenv" value="sun.awt.X11GraphicsEnvironment" />
    <property name="java.ext.dirs" value="/usr/lib/jvm/java-8-openjdk-amd64/jre/lib/ext:/usr/java/packages/lib/ext" />
    <property name="user.dir" value="/home/haidong/workspace/ps1-expressivo" />
    <property name="line.separator" value="&#xa;" />
    <property name="zipfile" value="my-submission.zip" />
    <property name="java.vm.name" value="OpenJDK 64-Bit Server VM" />
    <property name="problem.set" value="ps1" />
    <property name="basedir" value="/home/haidong/workspace/ps1-expressivo" />
    <property name="ant.java.version" value="1.8" />
    <property name="ant.core.lib" value="/home/haidong/.p2/pool/plugins/org.apache.ant_1.9.6.v201510161327/lib/ant.jar" />
    <property name="file.encoding" value="UTF-8" />
    <property name="java.specification.version" value="1.8" />
    <property name="grader.dir" value=".grader" />
    <property name="ant.project.invoked-targets" value="all" />
  </properties>
  <testcase classname="expressivo.grader.ExpressionTest" name="testHashCode[same one variable]" time="0.05" />
  <testcase classname="expressivo.grader.ExpressionTest" name="testEquals[same one variable]" time="0.023" />
  <testcase classname="expressivo.grader.ExpressionTest" name="testToStringConsistent[same one variable]" time="0.021" />
  <testcase classname="expressivo.grader.ExpressionTest" name="testHashCode[same one operator]" time="0.019" />
  <testcase classname="expressivo.grader.ExpressionTest" name="testEquals[same one operator]" time="0.012" />
  <testcase classname="expressivo.grader.ExpressionTest" name="testToStringConsistent[same one operator]" time="0.015" />
  <testcase classname="expressivo.grader.ExpressionTest" name="testHashCode[same expression with numbers/variables/operators]" time="0.025" />
  <testcase classname="expressivo.grader.ExpressionTest" name="testEquals[same expression with numbers/variables/operators]" time="0.016" />
  <testcase classname="expressivo.grader.ExpressionTest" name="testToStringConsistent[same expression with numbers/variables/operators]" time="0.015" />
  <testcase classname="expressivo.grader.ExpressionTest" name="testHashCode[var and same var parenthesized]" time="0.013" />
  <testcase classname="expressivo.grader.ExpressionTest" name="testEquals[var and same var parenthesized]" time="0.01" />
  <testcase classname="expressivo.grader.ExpressionTest" name="testToStringConsistent[var and same var parenthesized]" time="0.008" />
  <testcase classname="expressivo.grader.ExpressionTest" name="testHashCode[one operator and same operator parenthesized]" time="0.008" />
  <testcase classname="expressivo.grader.ExpressionTest" name="testEquals[one operator and same operator parenthesized]" time="0.011" />
  <testcase classname="expressivo.grader.ExpressionTest" name="testToStringConsistent[one operator and same operator parenthesized]" time="0.007" />
  <testcase classname="expressivo.grader.ExpressionTest" name="testHashCode[* + * same as (*)+(*)]" time="0.007" />
  <testcase classname="expressivo.grader.ExpressionTest" name="testEquals[* + * same as (*)+(*)]" time="0.008" />
  <testcase classname="expressivo.grader.ExpressionTest" name="testToStringConsistent[* + * same as (*)+(*)]" time="0.007" />
  <testcase classname="expressivo.grader.ExpressionTest" name="testHashCode[((*)+)* different from * + *]" time="0.008" />
  <testcase classname="expressivo.grader.ExpressionTest" name="testEquals[((*)+)* different from * + *]" time="0.01" />
  <testcase classname="expressivo.grader.ExpressionTest" name="testToStringConsistent[((*)+)* different from * + *]" time="0.015">
    <failure message="expected toString &quot;((3 * 5) + 7) * 2&quot; not equals toString &quot;3 * 5 + 7 * 2&quot;, but 3.0 * 5.0 + 7.0 * 2.0 eq 3.0 * 5.0 + 7.0 * 2.0" type="junit.framework.AssertionFailedError">junit.framework.AssertionFailedError: expected toString &quot;((3 * 5) + 7) * 2&quot; not equals toString &quot;3 * 5 + 7 * 2&quot;, but 3.0 * 5.0 + 7.0 * 2.0 eq 3.0 * 5.0 + 7.0 * 2.0
	at expressivo.grader.ExpressionTest.testToStringConsistent(ExpressionTest.java:77)
</failure>
  </testcase>
  <testcase classname="expressivo.grader.ExpressionTest" name="testHashCode[+ not commutative under structual equality]" time="0.01" />
  <testcase classname="expressivo.grader.ExpressionTest" name="testEquals[+ not commutative under structual equality]" time="0.008" />
  <testcase classname="expressivo.grader.ExpressionTest" name="testToStringConsistent[+ not commutative under structual equality]" time="0.008" />
  <testcase classname="expressivo.grader.ExpressionTest" name="testHashCode[* not commutative under structual equality]" time="0.01" />
  <testcase classname="expressivo.grader.ExpressionTest" name="testEquals[* not commutative under structual equality]" time="0.009" />
  <testcase classname="expressivo.grader.ExpressionTest" name="testToStringConsistent[* not commutative under structual equality]" time="0.011" />
  <system-out><![CDATA[]]></system-out>
  <system-err><![CDATA[]]></system-err>
</testsuite>
